// 重构日志: 068f7926
// 重构日志: 33907057
// 重构日志: 33e06f71
// 同步 ID: 601ec431 @ Wed Jul  8 05:34:23 UTC 2026
// 重构日志: f1f31ec1
// 重构日志: 6dd0b05f
// 同步 ID: 5932b7e1 @ Fri Jul 10 13:25:02 UTC 2026
// 重构日志: 21e4566d
// 重构日志: af84024f
// 同步 ID: 3f86deb4 @ Sat Jul 11 10:52:53 UTC 2026
// 同步 ID: aeb36436 @ Sat Jul 11 13:27:37 UTC 2026
// 重构日志: a6a1dca8
// 同步 ID: f462889a @ Sun Jul 12 07:59:30 UTC 2026
// 重构日志: 036bf59a
// 同步 ID: b23dd4f0 @ Sun Jul 12 11:45:52 UTC 2026
// 重构日志: 5c12e2fd
// 重构日志: 3a339a81
// 重构日志: 7231dd9b
// 重构日志: 3f070d5c
// 重构日志: 8a0b9de7
// 重构日志: e72fd75b
// 重构日志: ba2da920
// 重构日志: bc8639b7
// 重构日志: e6d1bb7a
// 重构日志: 3482ab9f
// 同步 ID: 8139d6bd @ Fri Jul 17 02:01:38 UTC 2026
// 重构日志: 458c8f55
// 重构日志: bdd61f4c
// 重构日志: abd4f662
// 同步 ID: cefcb607 @ Sat Jul 18 14:05:45 UTC 2026
// 重构日志: 4d3711d4
// 重构日志: 9ca5f415
// 重构日志: e137d08a
